0 info it worked if it ends with ok
1 verbose cli [ 'node',
1 verbose cli   '/usr/local/bin/npm',
1 verbose cli   'install',
1 verbose cli   'mongoose',
1 verbose cli   '--save-dev' ]
2 info using npm@2.10.1
3 info using node@v0.12.4
4 verbose install initial load of /Users/baidu/express/package.json
5 verbose installManyTop reading scoped package data from /Users/baidu/express/node_modules/body-parser/package.json
6 verbose installManyTop reading scoped package data from /Users/baidu/express/node_modules/cookie-parser/package.json
7 verbose installManyTop reading scoped package data from /Users/baidu/express/node_modules/debug/package.json
8 verbose installManyTop reading scoped package data from /Users/baidu/express/node_modules/ejs/package.json
9 verbose installManyTop reading scoped package data from /Users/baidu/express/node_modules/express/package.json
10 verbose installManyTop reading scoped package data from /Users/baidu/express/node_modules/morgan/package.json
11 verbose installManyTop reading scoped package data from /Users/baidu/express/node_modules/serve-favicon/package.json
12 verbose readDependencies loading dependencies from /Users/baidu/express/package.json
13 silly cache add args [ 'mongoose', null ]
14 verbose cache add spec mongoose
15 silly cache add parsed spec { raw: 'mongoose',
15 silly cache add   scope: null,
15 silly cache add   name: 'mongoose',
15 silly cache add   rawSpec: '',
15 silly cache add   spec: '*',
15 silly cache add   type: 'range' }
16 silly addNamed mongoose@*
17 verbose addNamed "*" is a valid semver range for mongoose
18 silly addNameRange { name: 'mongoose', range: '*', hasData: false }
19 silly mapToRegistry name mongoose
20 silly mapToRegistry using default registry
21 silly mapToRegistry registry https://registry.npmjs.org/
22 silly mapToRegistry uri https://registry.npmjs.org/mongoose
23 verbose addNameRange registry:https://registry.npmjs.org/mongoose not in flight; fetching
24 verbose request uri https://registry.npmjs.org/mongoose
25 verbose request no auth needed
26 info attempt registry request try #1 at 16:32:01
27 verbose request id fad3b4c2aa9014cc
28 http request GET https://registry.npmjs.org/mongoose
29 http 200 https://registry.npmjs.org/mongoose
30 silly get cb [ 200,
30 silly get   { server: 'CouchDB/1.5.0 (Erlang OTP/R16B03)',
30 silly get     etag: '"1ZIQFQZ9EPM3IDXXDQZP8711A"',
30 silly get     'content-type': 'application/json',
30 silly get     'cache-control': 'max-age=60',
30 silly get     'content-length': '326861',
30 silly get     'accept-ranges': 'bytes',
30 silly get     date: 'Wed, 17 Jun 2015 08:32:01 GMT',
30 silly get     via: '1.1 varnish',
30 silly get     age: '13',
30 silly get     connection: 'keep-alive',
30 silly get     'x-served-by': 'cache-lax1424-LAX',
30 silly get     'x-cache': 'HIT',
30 silly get     'x-cache-hits': '1',
30 silly get     'x-timer': 'S1434529921.210827,VS0,VE2',
30 silly get     vary: 'Accept' } ]
31 verbose get saving mongoose to /Users/baidu/.npm/registry.npmjs.org/mongoose/.cache.json
32 silly addNameRange number 2 { name: 'mongoose', range: '*', hasData: true }
33 silly addNameRange versions [ 'mongoose',
33 silly addNameRange   [ '0.0.1',
33 silly addNameRange     '0.0.2',
33 silly addNameRange     '0.0.3',
33 silly addNameRange     '0.0.4',
33 silly addNameRange     '0.0.5',
33 silly addNameRange     '1.0.0',
33 silly addNameRange     '1.0.1',
33 silly addNameRange     '1.0.2',
33 silly addNameRange     '0.0.6',
33 silly addNameRange     '1.0.3',
33 silly addNameRange     '1.0.4',
33 silly addNameRange     '1.0.5',
33 silly addNameRange     '1.0.6',
33 silly addNameRange     '1.0.7',
33 silly addNameRange     '1.0.8',
33 silly addNameRange     '1.0.10',
33 silly addNameRange     '1.0.11',
33 silly addNameRange     '1.0.12',
33 silly addNameRange     '1.0.13',
33 silly addNameRange     '1.0.14',
33 silly addNameRange     '1.0.15',
33 silly addNameRange     '1.0.16',
33 silly addNameRange     '1.1.0',
33 silly addNameRange     '1.1.1',
33 silly addNameRange     '1.1.2',
33 silly addNameRange     '1.1.3',
33 silly addNameRange     '1.1.4',
33 silly addNameRange     '1.1.5',
33 silly addNameRange     '1.1.6',
33 silly addNameRange     '1.1.7',
33 silly addNameRange     '1.1.8',
33 silly addNameRange     '1.1.9',
33 silly addNameRange     '1.1.10',
33 silly addNameRange     '1.1.11',
33 silly addNameRange     '1.1.12',
33 silly addNameRange     '1.1.13',
33 silly addNameRange     '1.1.14',
33 silly addNameRange     '1.1.15',
33 silly addNameRange     '1.1.16',
33 silly addNameRange     '1.1.17',
33 silly addNameRange     '1.1.18',
33 silly addNameRange     '1.1.19',
33 silly addNameRange     '1.1.20',
33 silly addNameRange     '1.1.21',
33 silly addNameRange     '1.1.22',
33 silly addNameRange     '1.1.23',
33 silly addNameRange     '1.1.24',
33 silly addNameRange     '1.1.25',
33 silly addNameRange     '1.2.0',
33 silly addNameRange     '1.3.0',
33 silly addNameRange     '1.3.1',
33 silly addNameRange     '1.3.2',
33 silly addNameRange     '1.3.3',
33 silly addNameRange     '1.3.4',
33 silly addNameRange     '1.3.5',
33 silly addNameRange     '1.3.6',
33 silly addNameRange     '1.3.7',
33 silly addNameRange     '1.4.0',
33 silly addNameRange     '1.5.0',
33 silly addNameRange     '1.6.0',
33 silly addNameRange     '1.7.2',
33 silly addNameRange     '1.7.3',
33 silly addNameRange     '1.7.4',
33 silly addNameRange     '1.8.0',
33 silly addNameRange     '1.8.1',
33 silly addNameRange     '1.8.2',
33 silly addNameRange     '1.8.3',
33 silly addNameRange     '1.8.4',
33 silly addNameRange     '2.0.0',
33 silly addNameRange     '2.0.1',
33 silly addNameRange     '2.0.2',
33 silly addNameRange     '2.0.3',
33 silly addNameRange     '2.0.4',
33 silly addNameRange     '2.1.0',
33 silly addNameRange     '2.1.1',
33 silly addNameRange     '2.1.2',
33 silly addNameRange     '2.1.3',
33 silly addNameRange     '2.1.4',
33 silly addNameRange     '2.2.0',
33 silly addNameRange     '2.2.1',
33 silly addNameRange     '2.2.2',
33 silly addNameRange     '2.2.3',
33 silly addNameRange     '2.2.4',
33 silly addNameRange     '2.3.0',
33 silly addNameRange     '2.3.1',
33 silly addNameRange     '2.3.2',
33 silly addNameRange     '2.3.3',
33 silly addNameRange     '2.3.4',
33 silly addNameRange     '2.3.5',
33 silly addNameRange     '2.3.6',
33 silly addNameRange     '2.3.7',
33 silly addNameRange     '2.3.8',
33 silly addNameRange     '2.3.9',
33 silly addNameRange     '2.3.10',
33 silly addNameRange     '2.3.11',
33 silly addNameRange     '2.3.12',
33 silly addNameRange     '2.3.13',
33 silly addNameRange     '2.4.0',
33 silly addNameRange     '2.4.1',
33 silly addNameRange     '2.4.2',
33 silly addNameRange     '2.4.3',
33 silly addNameRange     '2.4.4',
33 silly addNameRange     '2.4.5',
33 silly addNameRange     '2.4.6',
33 silly addNameRange     '2.4.7',
33 silly addNameRange     '2.4.8',
33 silly addNameRange     '2.4.9',
33 silly addNameRange     '2.4.10',
33 silly addNameRange     '2.5.0',
33 silly addNameRange     '2.5.1',
33 silly addNameRange     '2.5.2',
33 silly addNameRange     '2.5.3',
33 silly addNameRange     '2.5.4',
33 silly addNameRange     '2.5.5',
33 silly addNameRange     '2.5.6',
33 silly addNameRange     '2.5.7',
33 silly addNameRange     '2.5.8',
33 silly addNameRange     '2.5.9',
33 silly addNameRange     '2.5.10',
33 silly addNameRange     '2.5.11',
33 silly addNameRange     '2.5.12',
33 silly addNameRange     '2.5.13',
33 silly addNameRange     '2.5.14',
33 silly addNameRange     '2.6.0',
33 silly addNameRange     '2.6.1',
33 silly addNameRange     '2.6.2',
33 silly addNameRange     '2.6.3',
33 silly addNameRange     '2.6.4',
33 silly addNameRange     '2.6.5',
33 silly addNameRange     '2.6.6',
33 silly addNameRange     '2.6.7',
33 silly addNameRange     '2.6.8',
33 silly addNameRange     '2.7.0',
33 silly addNameRange     '2.7.1',
33 silly addNameRange     '2.7.2',
33 silly addNameRange     '2.7.4',
33 silly addNameRange     '2.7.3',
33 silly addNameRange     '3.0.0',
33 silly addNameRange     '3.0.1',
33 silly addNameRange     '3.0.2',
33 silly addNameRange     '2.8.0',
33 silly addNameRange     '3.0.3',
33 silly addNameRange     '3.1.0',
33 silly addNameRange     '2.8.1',
33 silly addNameRange     '3.1.1',
33 silly addNameRange     '2.8.2',
33 silly addNameRange     '2.8.3',
33 silly addNameRange     '2.9.0',
33 silly addNameRange     '3.2.0',
33 silly addNameRange     '2.9.1',
33 silly addNameRange     '3.2.1',
33 silly addNameRange     '2.9.2',
33 silly addNameRange     '3.2.2',
33 silly addNameRange     '3.3.0',
33 silly addNameRange     '3.3.1',
33 silly addNameRange     '2.9.3',
33 silly addNameRange     '3.4.0',
33 silly addNameRange     '2.9.4',
33 silly addNameRange     '2.9.5',
33 silly addNameRange     '3.5.0',
33 silly addNameRange     '3.5.1',
33 silly addNameRange     '3.5.2',
33 silly addNameRange     '3.5.3',
33 silly addNameRange     '2.9.6',
33 silly addNameRange     '2.9.7',
33 silly addNameRange     '3.5.4',
33 silly addNameRange     '3.5.5',
33 silly addNameRange     '2.9.8',
33 silly addNameRange     '2.9.9',
33 silly addNameRange     '3.5.6',
33 silly addNameRange     '3.5.7',
33 silly addNameRange     '3.5.8',
33 silly addNameRange     '2.9.10',
33 silly addNameRange     '3.5.9',
33 silly addNameRange     '3.6.2',
33 silly addNameRange     '3.5.10',
33 silly addNameRange     '3.6.3',
33 silly addNameRange     '3.5.11',
33 silly addNameRange     '3.6.4',
33 silly addNameRange     '3.6.5',
33 silly addNameRange     '3.6.6',
33 silly addNameRange     '3.6.7',
33 silly addNameRange     '3.5.12',
33 silly addNameRange     '3.6.8',
33 silly addNameRange     '3.6.9',
33 silly addNameRange     '3.6.10',
33 silly addNameRange     '3.5.13',
33 silly addNameRange     '3.5.14',
33 silly addNameRange     '3.6.11',
33 silly addNameRange     '3.6.12',
33 silly addNameRange     '3.6.13',
33 silly addNameRange     '3.6.14',
33 silly addNameRange     '3.6.15',
33 silly addNameRange     '3.5.15',
33 silly addNameRange     '3.7.0',
33 silly addNameRange     '3.6.16',
33 silly addNameRange     '3.5.16',
33 silly addNameRange     '3.6.17',
33 silly addNameRange     '3.7.2',
33 silly addNameRange     '3.0.0-alpha1',
33 silly addNameRange     '3.0.0-alpha2',
33 silly addNameRange     '3.0.0-rc0',
33 silly addNameRange     '3.6.0-rc0',
33 silly addNameRange     '3.6.0-rc1',
33 silly addNameRange     '3.6.18',
33 silly addNameRange     '3.7.3',
33 silly addNameRange     '3.6.19',
33 silly addNameRange     '3.6.20',
33 silly addNameRange     '3.7.4',
33 silly addNameRange     '3.8.0',
33 silly addNameRange     '3.8.1',
33 silly addNameRange     '3.8.2',
33 silly addNameRange     '3.8.3',
33 silly addNameRange     '3.8.4',
33 silly addNameRange     '3.8.5',
33 silly addNameRange     '3.8.6',
33 silly addNameRange     '3.8.7',
33 silly addNameRange     '3.8.8',
33 silly addNameRange     '3.8.9',
33 silly addNameRange     '3.8.10',
33 silly addNameRange     '3.8.11',
33 silly addNameRange     '3.9.0',
33 silly addNameRange     '3.8.12',
33 silly addNameRange     '3.8.13',
33 silly addNameRange     '3.8.14',
33 silly addNameRange     '3.8.15',
33 silly addNameRange     '3.9.1',
33 silly addNameRange     '3.8.16',
33 silly addNameRange     '3.9.2',
33 silly addNameRange     '3.8.17',
33 silly addNameRange     '3.9.3',
33 silly addNameRange     '3.8.18',
33 silly addNameRange     '3.9.4',
33 silly addNameRange     '3.8.19',
33 silly addNameRange     '3.9.5',
33 silly addNameRange     '3.8.20',
33 silly addNameRange     '3.9.6',
33 silly addNameRange     '3.8.21',
33 silly addNameRange     '3.9.7',
33 silly addNameRange     '3.8.22',
33 silly addNameRange     '4.0.0-rc0',
33 silly addNameRange     '4.0.0-rc1',
33 silly addNameRange     '3.8.23',
33 silly addNameRange     '4.0.0-rc2',
33 silly addNameRange     '3.8.24',
33 silly addNameRange     '4.0.0-rc3',
33 silly addNameRange     '3.8.25',
33 silly addNameRange     '4.0.0-rc4',
33 silly addNameRange     '4.0.0',
33 silly addNameRange     '4.0.1',
33 silly addNameRange     '3.8.26',
33 silly addNameRange     '3.8.27',
33 silly addNameRange     '4.0.2',
33 silly addNameRange     '3.8.28',
33 silly addNameRange     '4.0.3',
33 silly addNameRange     '3.8.29',
33 silly addNameRange     '4.0.4',
33 silly addNameRange     '3.8.30',
33 silly addNameRange     '4.0.5' ] ]
34 silly addNamed mongoose@4.0.5
35 verbose addNamed "4.0.5" is a plain semver version for mongoose
36 silly mapToRegistry name mongoose
37 silly mapToRegistry using default registry
38 silly mapToRegistry registry https://registry.npmjs.org/
39 silly mapToRegistry uri https://registry.npmjs.org/mongoose
40 verbose addRemoteTarball https://registry.npmjs.org/mongoose/-/mongoose-4.0.5.tgz not in flight; adding
41 verbose addRemoteTarball [ 'https://registry.npmjs.org/mongoose/-/mongoose-4.0.5.tgz',
41 verbose addRemoteTarball   'f6781d96100e84d6cf72990efdca0ff7bc883a3d' ]
42 info retry fetch attempt 1 at 16:32:04
43 info attempt registry request try #1 at 16:32:04
44 http fetch GET https://registry.npmjs.org/mongoose/-/mongoose-4.0.5.tgz
45 http fetch 200 https://registry.npmjs.org/mongoose/-/mongoose-4.0.5.tgz
46 silly fetchAndShaCheck shasum f6781d96100e84d6cf72990efdca0ff7bc883a3d
47 verbose stack Error: shasum check failed for /var/folders/sv/0rx11bd16j374cpv286twb0r0000gn/T/npm-23117-8a6ffc61/registry.npmjs.org/mongoose/-/mongoose-4.0.5.tgz
47 verbose stack Expected: f6781d96100e84d6cf72990efdca0ff7bc883a3d
47 verbose stack Actual:   286f079740d857060cfe5cc11cd3cc27cb74c150
47 verbose stack From:     https://registry.npmjs.org/mongoose/-/mongoose-4.0.5.tgz
47 verbose stack     at /usr/local/lib/node_modules/npm/node_modules/sha/index.js:38:8
47 verbose stack     at ReadStream.<anonymous> (/usr/local/lib/node_modules/npm/node_modules/sha/index.js:85:7)
47 verbose stack     at ReadStream.emit (events.js:129:20)
47 verbose stack     at _stream_readable.js:908:16
47 verbose stack     at process._tickCallback (node.js:355:11)
48 verbose cwd /Users/baidu/express
49 error Darwin 14.0.0
50 error argv "node" "/usr/local/bin/npm" "install" "mongoose" "--save-dev"
51 error node v0.12.4
52 error npm  v2.10.1
53 error shasum check failed for /var/folders/sv/0rx11bd16j374cpv286twb0r0000gn/T/npm-23117-8a6ffc61/registry.npmjs.org/mongoose/-/mongoose-4.0.5.tgz
53 error Expected: f6781d96100e84d6cf72990efdca0ff7bc883a3d
53 error Actual:   286f079740d857060cfe5cc11cd3cc27cb74c150
53 error From:     https://registry.npmjs.org/mongoose/-/mongoose-4.0.5.tgz
54 error If you need help, you may report this error at:
54 error     <https://github.com/npm/npm/issues>
55 verbose exit [ 1, true ]
